<?xml version="1.0" encoding="utf-8"?><testsuites name="pytest tests"><testsuite name="pytest" errors="0" failures="0" skipped="0" tests="28" time="7.520" timestamp="2026-04-17T11:56:21.976333+00:00" hostname="agent-env-ae6bd4ed-007f-44eb-9e8c-ee2201115931"><testcase classname="backend.tests.test_medical_info_fields.TestOnboardingMedicalFields" name="test_onboarding_returns_main_disease" time="0.240" /><testcase classname="backend.tests.test_medical_info_fields.TestOnboardingMedicalFields" name="test_onboarding_returns_consulting_doctor_name" time="0.131" /><testcase classname="backend.tests.test_medical_info_fields.TestOnboardingMedicalFields" name="test_onboarding_returns_clinic_hospital_details" time="0.145" /><testcase classname="backend.tests.test_medical_info_fields.TestOnboardingMedicalFields" name="test_onboarding_returns_last_doctor_visit_date" time="0.153" /><testcase classname="backend.tests.test_medical_info_fields.TestOnboardingMedicalFields" name="test_onboarding_returns_regular_lab_details" time="0.154" /><testcase classname="backend.tests.test_medical_info_fields.TestOnboardingMedicalFields" name="test_onboarding_returns_last_lab_visit_date" time="0.105" /><testcase classname="backend.tests.test_medical_info_fields.TestOnboardingMedicalFields" name="test_onboarding_returns_mobility_status" time="0.157" /><testcase classname="backend.tests.test_medical_info_fields.TestOnboardingMedicalFields" name="test_onboarding_returns_other_critical_info" time="0.107" /><testcase classname="backend.tests.test_medical_info_fields.TestOnboardingMedicalFields" name="test_onboarding_returns_diseases_array" time="0.174" /><testcase classname="backend.tests.test_medical_info_fields.TestPatientDetailMedicalFields" name="test_patient_detail_returns_main_disease" time="0.106" /><testcase classname="backend.tests.test_medical_info_fields.TestPatientDetailMedicalFields" name="test_patient_detail_returns_consulting_doctor" time="0.158" /><testcase classname="backend.tests.test_medical_info_fields.TestPatientDetailMedicalFields" name="test_patient_detail_returns_clinic_hospital" time="0.261" /><testcase classname="backend.tests.test_medical_info_fields.TestPatientDetailMedicalFields" name="test_patient_detail_returns_last_doctor_visit" time="0.103" /><testcase classname="backend.tests.test_medical_info_fields.TestPatientDetailMedicalFields" name="test_patient_detail_returns_regular_lab" time="0.109" /><testcase classname="backend.tests.test_medical_info_fields.TestPatientDetailMedicalFields" name="test_patient_detail_returns_last_lab_visit" time="0.119" /><testcase classname="backend.tests.test_medical_info_fields.TestPatientDetailMedicalFields" name="test_patient_detail_returns_mobility_status" time="0.136" /><testcase classname="backend.tests.test_medical_info_fields.TestPatientDetailMedicalFields" name="test_patient_detail_returns_other_critical_info" time="0.115" /><testcase classname="backend.tests.test_medical_info_fields.TestUpdateOnboardingMedicalFields" name="test_update_main_disease" time="0.439" /><testcase classname="backend.tests.test_medical_info_fields.TestUpdateOnboardingMedicalFields" name="test_update_consulting_doctor_name" time="0.476" /><testcase classname="backend.tests.test_medical_info_fields.TestUpdateOnboardingMedicalFields" name="test_update_clinic_hospital_details" time="0.535" /><testcase classname="backend.tests.test_medical_info_fields.TestUpdateOnboardingMedicalFields" name="test_update_last_doctor_visit_date" time="0.453" /><testcase classname="backend.tests.test_medical_info_fields.TestUpdateOnboardingMedicalFields" name="test_update_regular_lab_details" time="0.438" /><testcase classname="backend.tests.test_medical_info_fields.TestUpdateOnboardingMedicalFields" name="test_update_last_lab_visit_date" time="0.483" /><testcase classname="backend.tests.test_medical_info_fields.TestUpdateOnboardingMedicalFields" name="test_update_mobility_status" time="0.430" /><testcase classname="backend.tests.test_medical_info_fields.TestUpdateOnboardingMedicalFields" name="test_update_other_critical_info" time="0.405" /><testcase classname="backend.tests.test_medical_info_fields.TestUpdateOnboardingMedicalFields" name="test_update_all_medical_fields_at_once" time="0.454" /><testcase classname="backend.tests.test_medical_info_fields.TestMedicalFieldsOnPatientDetailAfterUpdate" name="test_onboarding_update_reflects_on_patient_detail" time="0.425" /><testcase classname="backend.tests.test_medical_info_fields.TestEmptyMedicalFields" name="test_empty_medical_fields_return_empty_strings" time="0.357" /></testsuite></testsuites>