<?xml version="1.0" encoding="utf-8"?><testsuites name="pytest tests"><testsuite name="pytest" errors="0" failures="0" skipped="0" tests="25" time="6.108" timestamp="2026-04-16T16:38:35.063322+00:00" hostname="agent-env-57c3b8f4-e72b-4057-a43b-9dfad876dd6e"><testcase classname="backend.tests.test_sync_onboarding.TestSyncEndpoints" name="test_list_encare_patients" time="0.240" /><testcase classname="backend.tests.test_sync_onboarding.TestSyncEndpoints" name="test_sync_patient_enc002" time="0.228" /><testcase classname="backend.tests.test_sync_onboarding.TestSyncEndpoints" name="test_sync_patient_enc003" time="0.140" /><testcase classname="backend.tests.test_sync_onboarding.TestSyncEndpoints" name="test_sync_patient_invalid" time="0.147" /><testcase classname="backend.tests.test_sync_onboarding.TestSyncEndpoints" name="test_sync_medications_for_synced_patient" time="0.300" /><testcase classname="backend.tests.test_sync_onboarding.TestSyncEndpoints" name="test_sync_medications_for_unsynced_patient" time="0.139" /><testcase classname="backend.tests.test_sync_onboarding.TestSyncEndpoints" name="test_sync_vitals_for_synced_patient" time="0.254" /><testcase classname="backend.tests.test_sync_onboarding.TestSyncEndpoints" name="test_sync_vitals_enc001" time="0.279" /><testcase classname="backend.tests.test_sync_onboarding.TestSyncEndpoints" name="test_sync_vitals_for_unsynced_patient" time="0.114" /><testcase classname="backend.tests.test_sync_onboarding.TestSyncEndpoints" name="test_get_sync_status" time="0.130" /><testcase classname="backend.tests.test_sync_onboarding.TestSyncEndpoints" name="test_get_patient_sync_status" time="0.229" /><testcase classname="backend.tests.test_sync_onboarding.TestSyncEndpoints" name="test_get_patient_sync_status_invalid" time="0.156" /><testcase classname="backend.tests.test_sync_onboarding.TestOnboardingEndpoints" name="test_get_onboarding_profile" time="0.230" /><testcase classname="backend.tests.test_sync_onboarding.TestOnboardingEndpoints" name="test_get_onboarding_profile_invalid" time="0.247" /><testcase classname="backend.tests.test_sync_onboarding.TestOnboardingEndpoints" name="test_update_onboarding_profile_basic" time="0.371" /><testcase classname="backend.tests.test_sync_onboarding.TestOnboardingEndpoints" name="test_update_onboarding_profile_address" time="0.246" /><testcase classname="backend.tests.test_sync_onboarding.TestOnboardingEndpoints" name="test_update_onboarding_profile_medical" time="0.251" /><testcase classname="backend.tests.test_sync_onboarding.TestOnboardingEndpoints" name="test_update_onboarding_profile_caregiver" time="0.221" /><testcase classname="backend.tests.test_sync_onboarding.TestOnboardingEndpoints" name="test_update_onboarding_profile_invoice" time="0.246" /><testcase classname="backend.tests.test_sync_onboarding.TestOnboardingEndpoints" name="test_update_onboarding_profile_priority" time="0.233" /><testcase classname="backend.tests.test_sync_onboarding.TestOnboardingEndpoints" name="test_update_onboarding_profile_elderly_care_auto_detect" time="0.225" /><testcase classname="backend.tests.test_sync_onboarding.TestOnboardingEndpoints" name="test_update_onboarding_profile_invalid_patient" time="0.225" /><testcase classname="backend.tests.test_sync_onboarding.TestOnboardingEndpoints" name="test_update_onboarding_full_profile" time="0.230" /><testcase classname="backend.tests.test_sync_onboarding.TestSyncIntegration" name="test_full_sync_workflow" time="0.693" /><testcase classname="backend.tests.test_sync_onboarding.TestSyncIntegration" name="test_resync_updates_patient" time="0.219" /></testsuite></testsuites>